# JRE version: OpenJDK Runtime Environment (8.0_152) (build 1.8.0_152-release-1343-b16-5323222)
# Java VM: OpenJDK 64-Bit Server VM (25.152-b16-5323222 mixed mode linux-amd64 compressed oops)
Heap:
 PSYoungGen      total 223744K, used 19937K [0x00000000eab00000, 0x00000000f9a80000, 0x0000000100000000)
  eden space 203776K, 0% used [0x00000000eab00000,0x00000000eab00000,0x00000000f7200000)
  from space 19968K, 99% used [0x00000000f7200000,0x00000000f85784e0,0x00000000f8580000)
  to   space 15872K, 0% used [0x00000000f8580000,0x00000000f8580000,0x00000000f9500000)
 ParOldGen       total 152576K, used 29667K [0x00000000c0000000, 0x00000000c9500000, 0x00000000eab00000)
  object space 152576K, 19% used [0x00000000c0000000,0x00000000c1cf8f18,0x00000000c9500000)
 Metaspace       used 56625K, capacity 58900K, committed 59028K, reserved 1099776K
  class space    used 7808K, capacity 8382K, committed 8408K, reserved 1048576K
GC Heap History (10 events):
Event: 5.227 GC heap after
Heap after GC invocations=6 (full 1):
 PSYoungGen      total 135680K, used 10230K [0x00000000eab00000, 0x00000000f4500000, 0x0000000100000000)
  eden space 125440K, 0% used [0x00000000eab00000,0x00000000eab00000,0x00000000f2580000)
  from space 10240K, 99% used [0x00000000f2580000,0x00000000f2f7dad8,0x00000000f2f80000)
  to   space 13824K, 0% used [0x00000000f3780000,0x00000000f3780000,0x00000000f4500000)
 ParOldGen       total 107520K, used 10738K [0x00000000c0000000, 0x00000000c6900000, 0x00000000eab00000)
  object space 107520K, 9% used [0x00000000c0000000,0x00000000c0a7c9a0,0x00000000c6900000)
 Metaspace       used 30785K, capacity 31698K, committed 31872K, reserved 1077248K
  class space    used 4344K, capacity 4626K, committed 4736K, reserved 1048576K
}
Event: 5.463 GC heap before
{Heap before GC invocations=7 (full 1):
 PSYoungGen      total 135680K, used 31362K [0x00000000eab00000, 0x00000000f4500000, 0x0000000100000000)
  eden space 125440K, 16% used [0x00000000eab00000,0x00000000ebfa2da0,0x00000000f2580000)
  from space 10240K, 99% used [0x00000000f2580000,0x00000000f2f7dad8,0x00000000f2f80000)
  to   space 13824K, 0% used [0x00000000f3780000,0x00000000f3780000,0x00000000f4500000)
 ParOldGen       total 107520K, used 10738K [0x00000000c0000000, 0x00000000c6900000, 0x00000000eab00000)
  object space 107520K, 9% used [0x00000000c0000000,0x00000000c0a7c9a0,0x00000000c6900000)
 Metaspace       used 34347K, capacity 35310K, committed 35416K, reserved 1079296K
  class space    used 4824K, capacity 5132K, committed 5208K, reserved 1048576K
Event: 5.483 GC heap after
Heap after GC invocations=7 (full 1):
 PSYoungGen      total 143872K, used 11066K [0x00000000eab00000, 0x00000000f9480000, 0x0000000100000000)
  eden space 130048K, 0% used [0x00000000eab00000,0x00000000eab00000,0x00000000f2a00000)
  from space 13824K, 80% used [0x00000000f3780000,0x00000000f424e9a8,0x00000000f4500000)
  to   space 13824K, 0% used [0x00000000f2a00000,0x00000000f2a00000,0x00000000f3780000)
 ParOldGen       total 107520K, used 10746K [0x00000000c0000000, 0x00000000c6900000, 0x00000000eab00000)
  object space 107520K, 9% used [0x00000000c0000000,0x00000000c0a7e9a0,0x00000000c6900000)
 Metaspace       used 34347K, capacity 35310K, committed 35416K, reserved 1079296K
  class space    used 4824K, capacity 5132K, committed 5208K, reserved 1048576K
}
Event: 5.483 GC heap before
{Heap before GC invocations=8 (full 2):
 PSYoungGen      total 143872K, used 11066K [0x00000000eab00000, 0x00000000f9480000, 0x0000000100000000)
  eden space 130048K, 0% used [0x00000000eab00000,0x00000000eab00000,0x00000000f2a00000)
  from space 13824K, 80% used [0x00000000f3780000,0x00000000f424e9a8,0x00000000f4500000)
  to   space 13824K, 0% used [0x00000000f2a00000,0x00000000f2a00000,0x00000000f3780000)
 ParOldGen       total 107520K, used 10746K [0x00000000c0000000, 0x00000000c6900000, 0x00000000eab00000)
  object space 107520K, 9% used [0x00000000c0000000,0x00000000c0a7e9a0,0x00000000c6900000)
 Metaspace       used 34347K, capacity 35310K, committed 35416K, reserved 1079296K
  class space    used 4824K, capacity 5132K, committed 5208K, reserved 1048576K
Event: 5.529 GC heap after
Heap after GC invocations=8 (full 2):
 PSYoungGen      total 143872K, used 0K [0x00000000eab00000, 0x00000000f9480000, 0x0000000100000000)
  eden space 130048K, 0% used [0x00000000eab00000,0x00000000eab00000,0x00000000f2a00000)
  from space 13824K, 0% used [0x00000000f3780000,0x00000000f3780000,0x00000000f4500000)
  to   space 13824K, 0% used [0x00000000f2a00000,0x00000000f2a00000,0x00000000f3780000)
 ParOldGen       total 152576K, used 17640K [0x00000000c0000000, 0x00000000c9500000, 0x00000000eab00000)
  object space 152576K, 11% used [0x00000000c0000000,0x00000000c113a3c8,0x00000000c9500000)
 Metaspace       used 34347K, capacity 35310K, committed 35416K, reserved 1079296K
  class space    used 4824K, capacity 5132K, committed 5208K, reserved 1048576K
}
Event: 7.445 GC heap before
{Heap before GC invocations=9 (full 2):
 PSYoungGen      total 143872K, used 130048K [0x00000000eab00000, 0x00000000f9480000, 0x0000000100000000)
  eden space 130048K, 100% used [0x00000000eab00000,0x00000000f2a00000,0x00000000f2a00000)
  from space 13824K, 0% used [0x00000000f3780000,0x00000000f3780000,0x00000000f4500000)
  to   space 13824K, 0% used [0x00000000f2a00000,0x00000000f2a00000,0x00000000f3780000)
 ParOldGen       total 152576K, used 17640K [0x00000000c0000000, 0x00000000c9500000, 0x00000000eab00000)
  object space 152576K, 11% used [0x00000000c0000000,0x00000000c113a3c8,0x00000000c9500000)
 Metaspace       used 42999K, capacity 44262K, committed 44504K, reserved 1087488K
  class space    used 5962K, capacity 6331K, committed 6360K, reserved 1048576K
Event: 7.456 GC heap after
Heap after GC invocations=9 (full 2):
 PSYoungGen      total 143872K, used 13806K [0x00000000eab00000, 0x00000000f9500000, 0x0000000100000000)
  eden space 130048K, 0% used [0x00000000eab00000,0x00000000eab00000,0x00000000f2a00000)
  from space 13824K, 99% used [0x00000000f2a00000,0x00000000f377bb30,0x00000000f3780000)
  to   space 15872K, 0% used [0x00000000f8580000,0x00000000f8580000,0x00000000f9500000)
 ParOldGen       total 152576K, used 18081K [0x00000000c0000000, 0x00000000c9500000, 0x00000000eab00000)
  object space 152576K, 11% used [0x00000000c0000000,0x00000000c11a85b0,0x00000000c9500000)
 Metaspace       used 42999K, capacity 44262K, committed 44504K, reserved 1087488K
  class space    used 5962K, capacity 6331K, committed 6360K, reserved 1048576K
}
Event: 9.476 GC heap before
{Heap before GC invocations=10 (full 2):
 PSYoungGen      total 143872K, used 143854K [0x00000000eab00000, 0x00000000f9500000, 0x0000000100000000)
  eden space 130048K, 100% used [0x00000000eab00000,0x00000000f2a00000,0x00000000f2a00000)
  from space 13824K, 99% used [0x00000000f2a00000,0x00000000f377bb30,0x00000000f3780000)
  to   space 15872K, 0% used [0x00000000f8580000,0x00000000f8580000,0x00000000f9500000)
 ParOldGen       total 152576K, used 18081K [0x00000000c0000000, 0x00000000c9500000, 0x00000000eab00000)
  object space 152576K, 11% used [0x00000000c0000000,0x00000000c11a85b0,0x00000000c9500000)
 Metaspace       used 53080K, capacity 55178K, committed 55512K, reserved 1097728K
  class space    used 7282K, capacity 7809K, committed 7896K, reserved 1048576K
Event: 9.505 GC heap after
Heap after GC invocations=10 (full 2):
 PSYoungGen      total 219648K, used 15857K [0x00000000eab00000, 0x00000000f9a80000, 0x0000000100000000)
  eden space 203776K, 0% used [0x00000000eab00000,0x00000000eab00000,0x00000000f7200000)
  from space 15872K, 99% used [0x00000000f8580000,0x00000000f94fc7e8,0x00000000f9500000)
  to   space 19968K, 0% used [0x00000000f7200000,0x00000000f7200000,0x00000000f8580000)
 ParOldGen       total 152576K, used 23344K [0x00000000c0000000, 0x00000000c9500000, 0x00000000eab00000)
  object space 152576K, 15% used [0x00000000c0000000,0x00000000c16cc038,0x00000000c9500000)
 Metaspace       used 53080K, capacity 55178K, committed 55512K, reserved 1097728K
  class space    used 7282K, capacity 7809K, committed 7896K, reserved 1048576K
}
Event: 10.635 GC heap before
{Heap before GC invocations=11 (full 2):
 PSYoungGen      total 219648K, used 105770K [0x00000000eab00000, 0x00000000f9a80000, 0x0000000100000000)
  eden space 203776K, 44% used [0x00000000eab00000,0x00000000f02ce3d0,0x00000000f7200000)
  from space 15872K, 99% used [0x00000000f8580000,0x00000000f94fc7e8,0x00000000f9500000)
  to   space 19968K, 0% used [0x00000000f7200000,0x00000000f7200000,0x00000000f8580000)
 ParOldGen       total 152576K, used 23344K [0x00000000c0000000, 0x00000000c9500000, 0x00000000eab00000)
  object space 152576K, 15% used [0x00000000c0000000,0x00000000c16cc038,0x00000000c9500000)
 Metaspace       used 56625K, capacity 58900K, committed 59028K, reserved 1099776K
  class space    used 7808K, capacity 8382K, committed 8408K, reserved 1048576K

